INFO : Bankers Algo version 1.2.3
INFO : Opened file (./sampleInputFile.txt) for reading...
INFO : File (./sampleInputFile.txt) has valid header: Rows/Proccess=5, Cols/Resources=3
OUTPUT : Initial System State:
OUTPUT : P# |  Max  | Alloc | Needs | Avail
OUTPUT : P0 | 7 5 3 | 0 1 0 | 7 4 3 | 3 3 2 
OUTPUT : P1 | 3 2 2 | 2 0 0 | 1 2 2 | 
OUTPUT : P2 | 9 0 2 | 3 0 2 | 6 0 0 | 
OUTPUT : P3 | 2 2 2 | 2 1 1 | 0 1 1 | 
OUTPUT : P4 | 4 3 3 | 0 0 2 | 4 3 1 | 
OUTPUT : Exec 1, System state:
OUTPUT : P# |  Max  | Alloc | Needs | Avail
OUTPUT : P0 | 7 5 3 | 0 1 0 | 7 4 3 | 3 3 2 
OUTPUT : >> P1 | 3 2 2 | 2 0 0 | 1 2 2 | 
OUTPUT : P2 | 9 0 2 | 3 0 2 | 6 0 0 | 
OUTPUT : P3 | 2 2 2 | 2 1 1 | 0 1 1 | 
OUTPUT : P4 | 4 3 3 | 0 0 2 | 4 3 1 | 
OUTPUT : Exec 2, System state:
OUTPUT : P# |  Max  | Alloc | Needs | Avail
OUTPUT : P0 | 7 5 3 | 0 1 0 | 7 4 3 | 5 3 2 
OUTPUT : P1 | 0 0 0 | 0 0 0 | 0 0 0 | 
OUTPUT : P2 | 9 0 2 | 3 0 2 | 6 0 0 | 
OUTPUT : >> P3 | 2 2 2 | 2 1 1 | 0 1 1 | 
OUTPUT : P4 | 4 3 3 | 0 0 2 | 4 3 1 | 
OUTPUT : Exec 3, System state:
OUTPUT : P# |  Max  | Alloc | Needs | Avail
OUTPUT : >> P0 | 7 5 3 | 0 1 0 | 7 4 3 | 7 4 3 
OUTPUT : P1 | 0 0 0 | 0 0 0 | 0 0 0 | 
OUTPUT : P2 | 9 0 2 | 3 0 2 | 6 0 0 | 
OUTPUT : P3 | 0 0 0 | 0 0 0 | 0 0 0 | 
OUTPUT : P4 | 4 3 3 | 0 0 2 | 4 3 1 | 
OUTPUT : Exec 4, System state:
OUTPUT : P# |  Max  | Alloc | Needs | Avail
OUTPUT : P0 | 0 0 0 | 0 0 0 | 0 0 0 | 7 5 3 
OUTPUT : P1 | 0 0 0 | 0 0 0 | 0 0 0 | 
OUTPUT : >> P2 | 9 0 2 | 3 0 2 | 6 0 0 | 
OUTPUT : P3 | 0 0 0 | 0 0 0 | 0 0 0 | 
OUTPUT : P4 | 4 3 3 | 0 0 2 | 4 3 1 | 
OUTPUT : Exec 5, System state:
OUTPUT : P# |  Max  | Alloc | Needs | Avail
OUTPUT : P0 | 0 0 0 | 0 0 0 | 0 0 0 | 10 5 5 
OUTPUT : P1 | 0 0 0 | 0 0 0 | 0 0 0 | 
OUTPUT : P2 | 0 0 0 | 0 0 0 | 0 0 0 | 
OUTPUT : P3 | 0 0 0 | 0 0 0 | 0 0 0 | 
OUTPUT : >> P4 | 4 3 3 | 0 0 2 | 4 3 1 | 
OUTPUT : Final System State:
OUTPUT : P# |  Max  | Alloc | Needs | Avail
OUTPUT : P0 | 0 0 0 | 0 0 0 | 0 0 0 | 10 5 7 
OUTPUT : P1 | 0 0 0 | 0 0 0 | 0 0 0 | 
OUTPUT : P2 | 0 0 0 | 0 0 0 | 0 0 0 | 
OUTPUT : P3 | 0 0 0 | 0 0 0 | 0 0 0 | 
OUTPUT : P4 | 0 0 0 | 0 0 0 | 0 0 0 | 
OUTPUT : Safe sequence displayed:
OUTPUT : P1 > P3 > P0 > P2 > P4
