Initial System State
P# |  Max  | Alloc | Needs | Avail
P0 | 7 5 3 | 0 1 0 | 7 4 3 | 3 3 2 
P1 | 3 2 2 | 2 0 0 | 1 2 2 | 
P2 | 9 0 2 | 3 0 2 | 6 0 0 | 
P3 | 2 2 2 | 2 1 1 | 0 1 1 | 
P4 | 4 3 3 | 0 0 2 | 4 3 1 | 
Exec 1, System state
P# |  Max  | Alloc | Needs | Avail
P0 | 7 5 3 | 0 1 0 | 7 4 3 | 3 3 2 
>> P1 | 3 2 2 | 2 0 0 | 1 2 2 | 
P2 | 9 0 2 | 3 0 2 | 6 0 0 | 
P3 | 2 2 2 | 2 1 1 | 0 1 1 | 
P4 | 4 3 3 | 0 0 2 | 4 3 1 | 
Exec 2, System state
P# |  Max  | Alloc | Needs | Avail
P0 | 7 5 3 | 0 1 0 | 7 4 3 | 5 3 2 
P1 | 0 0 0 | 0 0 0 | 0 0 0 | 
P2 | 9 0 2 | 3 0 2 | 6 0 0 | 
>> P3 | 2 2 2 | 2 1 1 | 0 1 1 | 
P4 | 4 3 3 | 0 0 2 | 4 3 1 | 
Exec 3, System state
P# |  Max  | Alloc | Needs | Avail
>> P0 | 7 5 3 | 0 1 0 | 7 4 3 | 7 4 3 
P1 | 0 0 0 | 0 0 0 | 0 0 0 | 
P2 | 9 0 2 | 3 0 2 | 6 0 0 | 
P3 | 0 0 0 | 0 0 0 | 0 0 0 | 
P4 | 4 3 3 | 0 0 2 | 4 3 1 | 
Exec 4, System state
P# |  Max  | Alloc | Needs | Avail
P0 | 0 0 0 | 0 0 0 | 0 0 0 | 7 5 3 
P1 | 0 0 0 | 0 0 0 | 0 0 0 | 
>> P2 | 9 0 2 | 3 0 2 | 6 0 0 | 
P3 | 0 0 0 | 0 0 0 | 0 0 0 | 
P4 | 4 3 3 | 0 0 2 | 4 3 1 | 
Exec 5, System state
P# |  Max  | Alloc | Needs | Avail
P0 | 0 0 0 | 0 0 0 | 0 0 0 | 10 5 5 
P1 | 0 0 0 | 0 0 0 | 0 0 0 | 
P2 | 0 0 0 | 0 0 0 | 0 0 0 | 
P3 | 0 0 0 | 0 0 0 | 0 0 0 | 
>> P4 | 4 3 3 | 0 0 2 | 4 3 1 | 
Final System State
P# |  Max  | Alloc | Needs | Avail
P0 | 0 0 0 | 0 0 0 | 0 0 0 | 10 5 7 
P1 | 0 0 0 | 0 0 0 | 0 0 0 | 
P2 | 0 0 0 | 0 0 0 | 0 0 0 | 
P3 | 0 0 0 | 0 0 0 | 0 0 0 | 
P4 | 0 0 0 | 0 0 0 | 0 0 0 | 
Safe sequence displayed
P1 > P3 > P0 > P2 > P4
